C:\Program Files (x86)\Microsoft Visual Studio\2019\Community\MSBuild\Microsoft\VC\v160\Microsoft.CppBuild.targets(513,5): warning MSB8028: El directorio intermedio (Debug\) contiene archivos compartidos de otro proyecto (test.vcxproj). Esto puede dar lugar a un comportamiento incorrecto de limpieza y recompilación.
  AudioManager.cpp
  BoxCollider.cpp
D:\Proyectos\Clase\PracticasCG\GameEngine\BoxCollider.h(6,10): warning C4067: símbolos (token) inesperados después de la directiva del preprocesador; se esperaba una nueva línea
D:\Proyectos\Clase\PracticasCG\GameEngine\BoxCollider.cpp(4,18): warning C4244: 'inicializando': conversión de 'double' a 'float'; posible pérdida de datos
D:\Proyectos\Clase\PracticasCG\GameEngine\BoxCollider.cpp(16,18): warning C4244: 'inicializando': conversión de 'double' a 'float'; posible pérdida de datos
D:\Proyectos\Clase\PracticasCG\GameEngine\BoxCollider.cpp(28,18): warning C4244: 'inicializando': conversión de 'double' a 'float'; posible pérdida de datos
  Camera.cpp
D:\Proyectos\Clase\PracticasCG\GameEngine\BoxCollider.h(6,10): warning C4067: símbolos (token) inesperados después de la directiva del preprocesador; se esperaba una nueva línea
  CharacterController.cpp
D:\Proyectos\Clase\PracticasCG\GameEngine\CharacterController.h(4,10): warning C4067: símbolos (token) inesperados después de la directiva del preprocesador; se esperaba una nueva línea
D:\Proyectos\Clase\PracticasCG\GameEngine\BoxCollider.h(6,10): warning C4067: símbolos (token) inesperados después de la directiva del preprocesador; se esperaba una nueva línea
  GlobalVariables.cpp
D:\Proyectos\Clase\PracticasCG\GameEngine\BoxCollider.h(6,10): warning C4067: símbolos (token) inesperados después de la directiva del preprocesador; se esperaba una nueva línea
  InputManager.cpp
  InteractionController.cpp
D:\Proyectos\Clase\PracticasCG\GameEngine\InteractionController.h(4,10): warning C4067: símbolos (token) inesperados después de la directiva del preprocesador; se esperaba una nueva línea
D:\Proyectos\Clase\PracticasCG\GameEngine\BoxCollider.h(6,10): warning C4067: símbolos (token) inesperados después de la directiva del preprocesador; se esperaba una nueva línea
D:\Proyectos\Clase\PracticasCG\GameEngine\InteractionHandler.h(4,10): warning C4067: símbolos (token) inesperados después de la directiva del preprocesador; se esperaba una nueva línea
D:\Proyectos\Clase\PracticasCG\GameEngine\LightInteractionHandler.h(4,10): warning C4067: símbolos (token) inesperados después de la directiva del preprocesador; se esperaba una nueva línea
  InteractionHandler.cpp
D:\Proyectos\Clase\PracticasCG\GameEngine\BoxCollider.h(6,10): warning C4067: símbolos (token) inesperados después de la directiva del preprocesador; se esperaba una nueva línea
D:\Proyectos\Clase\PracticasCG\GameEngine\InteractionHandler.h(4,10): warning C4067: símbolos (token) inesperados después de la directiva del preprocesador; se esperaba una nueva línea
  LightInteractionHandler.cpp
D:\Proyectos\Clase\PracticasCG\GameEngine\BoxCollider.h(6,10): warning C4067: símbolos (token) inesperados después de la directiva del preprocesador; se esperaba una nueva línea
D:\Proyectos\Clase\PracticasCG\GameEngine\LightInteractionHandler.h(4,10): warning C4067: símbolos (token) inesperados después de la directiva del preprocesador; se esperaba una nueva línea
D:\Proyectos\Clase\PracticasCG\GameEngine\InteractionHandler.h(4,10): warning C4067: símbolos (token) inesperados después de la directiva del preprocesador; se esperaba una nueva línea
  MeshRenderer.cpp
D:\Proyectos\Clase\PracticasCG\GameEngine\MeshRenderer.h(4,10): warning C4067: símbolos (token) inesperados después de la directiva del preprocesador; se esperaba una nueva línea
D:\Proyectos\Clase\PracticasCG\GameEngine\BoxCollider.h(6,10): warning C4067: símbolos (token) inesperados después de la directiva del preprocesador; se esperaba una nueva línea
  ModelParser.cpp
D:\Proyectos\Clase\PracticasCG\GameEngine\BoxCollider.h(6,10): warning C4067: símbolos (token) inesperados después de la directiva del preprocesador; se esperaba una nueva línea
D:\Proyectos\Clase\PracticasCG\GameEngine\ModelParser.cpp(8,54): warning C4838: la conversión de 'unsigned int' en 'int' requiere una conversión de restricción
D:\Proyectos\Clase\PracticasCG\GameEngine\ModelParser.cpp(10,20): warning C4018: '<': no coinciden signed/unsigned
D:\Proyectos\Clase\PracticasCG\GameEngine\ModelParser.cpp(340,20): warning C4018: '<': no coinciden signed/unsigned
  NoteInteractionHandler.cpp
D:\Proyectos\Clase\PracticasCG\GameEngine\BoxCollider.h(6,10): warning C4067: símbolos (token) inesperados después de la directiva del preprocesador; se esperaba una nueva línea
D:\Proyectos\Clase\PracticasCG\GameEngine\NoteInteractionHandler.h(4,10): warning C4067: símbolos (token) inesperados después de la directiva del preprocesador; se esperaba una nueva línea
D:\Proyectos\Clase\PracticasCG\GameEngine\InteractionHandler.h(4,10): warning C4067: símbolos (token) inesperados después de la directiva del preprocesador; se esperaba una nueva línea
  ObjectComponent.cpp
  PlanetController.cpp
D:\Proyectos\Clase\PracticasCG\GameEngine\BoxCollider.h(6,10): warning C4067: símbolos (token) inesperados después de la directiva del preprocesador; se esperaba una nueva línea
D:\Proyectos\Clase\PracticasCG\GameEngine\PlanetController.h(4,10): warning C4067: símbolos (token) inesperados después de la directiva del preprocesador; se esperaba una nueva línea
D:\Proyectos\Clase\PracticasCG\GameEngine\InteractionHandler.h(4,10): warning C4067: símbolos (token) inesperados después de la directiva del preprocesador; se esperaba una nueva línea
  RobotArmController.cpp
D:\Proyectos\Clase\PracticasCG\GameEngine\BoxCollider.h(6,10): warning C4067: símbolos (token) inesperados después de la directiva del preprocesador; se esperaba una nueva línea
D:\Proyectos\Clase\PracticasCG\GameEngine\RobotArmController.h(4,10): warning C4067: símbolos (token) inesperados después de la directiva del preprocesador; se esperaba una nueva línea
D:\Proyectos\Clase\PracticasCG\GameEngine\InteractionHandler.h(4,10): warning C4067: símbolos (token) inesperados después de la directiva del preprocesador; se esperaba una nueva línea
  Scene.cpp
D:\Proyectos\Clase\PracticasCG\GameEngine\BoxCollider.h(6,10): warning C4067: símbolos (token) inesperados después de la directiva del preprocesador; se esperaba una nueva línea
  SceneObject.cpp
  Source.cpp
D:\Proyectos\Clase\PracticasCG\GameEngine\BoxCollider.h(6,10): warning C4067: símbolos (token) inesperados después de la directiva del preprocesador; se esperaba una nueva línea
D:\Proyectos\Clase\PracticasCG\GameEngine\MeshRenderer.h(4,10): warning C4067: símbolos (token) inesperados después de la directiva del preprocesador; se esperaba una nueva línea
D:\Proyectos\Clase\PracticasCG\GameEngine\CharacterController.h(4,10): warning C4067: símbolos (token) inesperados después de la directiva del preprocesador; se esperaba una nueva línea
D:\Proyectos\Clase\PracticasCG\GameEngine\InteractionController.h(4,10): warning C4067: símbolos (token) inesperados después de la directiva del preprocesador; se esperaba una nueva línea
D:\Proyectos\Clase\PracticasCG\GameEngine\LightInteractionHandler.h(4,10): warning C4067: símbolos (token) inesperados después de la directiva del preprocesador; se esperaba una nueva línea
D:\Proyectos\Clase\PracticasCG\GameEngine\InteractionHandler.h(4,10): warning C4067: símbolos (token) inesperados después de la directiva del preprocesador; se esperaba una nueva línea
D:\Proyectos\Clase\PracticasCG\GameEngine\NoteInteractionHandler.h(4,10): warning C4067: símbolos (token) inesperados después de la directiva del preprocesador; se esperaba una nueva línea
D:\Proyectos\Clase\PracticasCG\GameEngine\PlanetController.h(4,10): warning C4067: símbolos (token) inesperados después de la directiva del preprocesador; se esperaba una nueva línea
D:\Proyectos\Clase\PracticasCG\GameEngine\RobotArmController.h(4,10): warning C4067: símbolos (token) inesperados después de la directiva del preprocesador; se esperaba una nueva línea
D:\Proyectos\Clase\PracticasCG\GameEngine\Source.cpp(228,20): warning C4018: '<': no coinciden signed/unsigned
  Raycast.cpp
D:\Proyectos\Clase\PracticasCG\GameEngine\BoxCollider.h(6,10): warning C4067: símbolos (token) inesperados después de la directiva del preprocesador; se esperaba una nueva línea
  Time.cpp
  Generando código...
  Compilando...
  Vector3f.cpp
D:\Proyectos\Clase\PracticasCG\GameEngine\Vector3f.cpp(28,16): warning C4244: 'return': conversión de 'double' a 'float'; posible pérdida de datos
  Vector3Int.cpp
  Generando código...
  GameEngine.vcxproj -> D:\Proyectos\Clase\PracticasCG\Debug\Etapa6.exe
